<?xml version="1.0" encoding="UTF-8" ?>
<testsuites name="vitest tests" tests="73" failures="0" errors="0" time="3.85855793">
    <testsuite name="src/components/FAQ.test.tsx" timestamp="2026-05-30T06:41:43.615Z" hostname="vm" tests="7" failures="0" errors="0" skipped="0" time="0.483516543">
        <testcase classname="src/components/FAQ.test.tsx" name="FAQ &gt; renders all FAQ items" time="0.129463689">
        </testcase>
        <testcase classname="src/components/FAQ.test.tsx" name="FAQ &gt; renders section heading" time="0.083660385">
        </testcase>
        <testcase classname="src/components/FAQ.test.tsx" name="FAQ &gt; accordion expands on click" time="0.057776833">
        </testcase>
        <testcase classname="src/components/FAQ.test.tsx" name="FAQ &gt; accordion collapses when clicking an expanded item" time="0.065260301">
        </testcase>
        <testcase classname="src/components/FAQ.test.tsx" name="FAQ &gt; supports keyboard navigation" time="0.063806038">
        </testcase>
        <testcase classname="src/components/FAQ.test.tsx" name="FAQ &gt; has accessible ARIA attributes" time="0.04653172">
        </testcase>
        <testcase classname="src/components/FAQ.test.tsx" name="FAQ &gt; allows navigating between items with arrow keys" time="0.035313018">
        </testcase>
    </testsuite>
    <testsuite name="src/components/Footer.test.tsx" timestamp="2026-05-30T06:41:43.619Z" hostname="vm" tests="3" failures="0" errors="0" skipped="0" time="0.189730708">
        <testcase classname="src/components/Footer.test.tsx" name="Footer &gt; renders Privacy Policy link pointing to /privacy" time="0.123042303">
            <system-err>
⚠️ React Router Future Flag Warning: React Router will begin wrapping state updates in `React.startTransition` in v7. You can use the `v7_startTransition` future flag to opt-in early. For more information, see https://reactrouter.com/v6/upgrading/future#v7_starttransition.
⚠️ React Router Future Flag Warning: Relative route resolution within Splat routes is changing in v7. You can use the `v7_relativeSplatPath` future flag to opt-in early. For more information, see https://reactrouter.com/v6/upgrading/future#v7_relativesplatpath.

            </system-err>
        </testcase>
        <testcase classname="src/components/Footer.test.tsx" name="Footer &gt; renders Terms of Service link pointing to /terms" time="0.040819313">
        </testcase>
        <testcase classname="src/components/Footer.test.tsx" name="Footer &gt; renders Cookie Policy link pointing to /privacy#cookies" time="0.02438084">
        </testcase>
    </testsuite>
    <testsuite name="src/components/Header.test.tsx" timestamp="2026-05-30T06:41:43.621Z" hostname="vm" tests="2" failures="0" errors="0" skipped="0" time="0.212406118">
        <testcase classname="src/components/Header.test.tsx" name="Header &gt; renders unauthenticated actions when no user session" time="0.123240562">
            <system-err>
⚠️ React Router Future Flag Warning: React Router will begin wrapping state updates in `React.startTransition` in v7. You can use the `v7_startTransition` future flag to opt-in early. For more information, see https://reactrouter.com/v6/upgrading/future#v7_starttransition.
⚠️ React Router Future Flag Warning: Relative route resolution within Splat routes is changing in v7. You can use the `v7_relativeSplatPath` future flag to opt-in early. For more information, see https://reactrouter.com/v6/upgrading/future#v7_relativesplatpath.

            </system-err>
        </testcase>
        <testcase classname="src/components/Header.test.tsx" name="Header &gt; renders authenticated actions when user session exists" time="0.086026975">
        </testcase>
    </testsuite>
    <testsuite name="src/hooks/use-toast.test.ts" timestamp="2026-05-30T06:41:43.622Z" hostname="vm" tests="10" failures="0" errors="0" skipped="0" time="0.030136413">
        <testcase classname="src/hooks/use-toast.test.ts" name="useToast &gt; Bug #1: Incorrect useEffect dependency causing unnecessary effect re-runs &gt; should not re-run effect when state changes (effect should only run on mount)" time="0.017681447">
        </testcase>
        <testcase classname="src/hooks/use-toast.test.ts" name="useToast &gt; Bug #1: Incorrect useEffect dependency causing unnecessary effect re-runs &gt; should maintain stable listener reference across renders" time="0.004781468">
        </testcase>
        <testcase classname="src/hooks/use-toast.test.ts" name="useToast &gt; Bug #2: Stale closure in useEffect cleanup with state dependency &gt; should find listener in array during cleanup regardless of state changes" time="0.002563">
        </testcase>
        <testcase classname="src/hooks/use-toast.test.ts" name="useToast &gt; reducer &gt; should add toast correctly" time="0.000507073">
        </testcase>
        <testcase classname="src/hooks/use-toast.test.ts" name="useToast &gt; reducer &gt; should respect TOAST_LIMIT of 1" time="0.000430997">
        </testcase>
        <testcase classname="src/hooks/use-toast.test.ts" name="useToast &gt; reducer &gt; should update toast correctly" time="0.000608487">
        </testcase>
        <testcase classname="src/hooks/use-toast.test.ts" name="useToast &gt; reducer &gt; should dismiss specific toast" time="0.00045364">
        </testcase>
        <testcase classname="src/hooks/use-toast.test.ts" name="useToast &gt; reducer &gt; should dismiss all toasts when no id provided" time="0.000294423">
        </testcase>
        <testcase classname="src/hooks/use-toast.test.ts" name="useToast &gt; reducer &gt; should remove specific toast" time="0.000609734">
        </testcase>
        <testcase classname="src/hooks/use-toast.test.ts" name="useToast &gt; reducer &gt; should remove all toasts when no id provided" time="0.000453618">
        </testcase>
    </testsuite>
    <testsuite name="src/lib/utils.test.ts" timestamp="2026-05-30T06:41:43.624Z" hostname="vm" tests="2" failures="0" errors="0" skipped="0" time="0.007106764">
        <testcase classname="src/lib/utils.test.ts" name="cn &gt; merges class names and ignores falsy values" time="0.005241385">
        </testcase>
        <testcase classname="src/lib/utils.test.ts" name="cn &gt; deduplicates conflicting tailwind classes" time="0.00066506">
        </testcase>
    </testsuite>
    <testsuite name="src/pages/Auth.test.tsx" timestamp="2026-05-30T06:41:43.626Z" hostname="vm" tests="3" failures="0" errors="0" skipped="0" time="0.961153149">
        <testcase classname="src/pages/Auth.test.tsx" name="Auth page &gt; clears error state when switching between tabs" time="0.462144906">
            <system-err>
⚠️ React Router Future Flag Warning: React Router will begin wrapping state updates in `React.startTransition` in v7. You can use the `v7_startTransition` future flag to opt-in early. For more information, see https://reactrouter.com/v6/upgrading/future#v7_starttransition.
⚠️ React Router Future Flag Warning: Relative route resolution within Splat routes is changing in v7. You can use the `v7_relativeSplatPath` future flag to opt-in early. For more information, see https://reactrouter.com/v6/upgrading/future#v7_relativesplatpath.

            </system-err>
        </testcase>
        <testcase classname="src/pages/Auth.test.tsx" name="Auth page &gt; allows login form input and calls supabase signInWithPassword on submit" time="0.225128002">
        </testcase>
        <testcase classname="src/pages/Auth.test.tsx" name="Auth page &gt; switches to signup tab and calls supabase signUp on submit" time="0.272143866">
        </testcase>
    </testsuite>
    <testsuite name="src/pages/Index.test.tsx" timestamp="2026-05-30T06:41:43.627Z" hostname="vm" tests="1" failures="0" errors="0" skipped="0" time="0.319481724">
        <testcase classname="src/pages/Index.test.tsx" name="Index page &gt; renders hero content" time="0.317773636">
            <system-err>
⚠️ React Router Future Flag Warning: React Router will begin wrapping state updates in `React.startTransition` in v7. You can use the `v7_startTransition` future flag to opt-in early. For more information, see https://reactrouter.com/v6/upgrading/future#v7_starttransition.
⚠️ React Router Future Flag Warning: Relative route resolution within Splat routes is changing in v7. You can use the `v7_relativeSplatPath` future flag to opt-in early. For more information, see https://reactrouter.com/v6/upgrading/future#v7_relativesplatpath.

            </system-err>
        </testcase>
    </testsuite>
    <testsuite name="src/components/onboarding/OnboardingChecklist.test.tsx" timestamp="2026-05-30T06:41:43.627Z" hostname="vm" tests="13" failures="0" errors="0" skipped="0" time="0.310139722">
        <testcase classname="src/components/onboarding/OnboardingChecklist.test.tsx" name="OnboardingChecklist &gt; renders all checklist items" time="0.062710432">
            <system-err>
⚠️ React Router Future Flag Warning: React Router will begin wrapping state updates in `React.startTransition` in v7. You can use the `v7_startTransition` future flag to opt-in early. For more information, see https://reactrouter.com/v6/upgrading/future#v7_starttransition.
⚠️ React Router Future Flag Warning: Relative route resolution within Splat routes is changing in v7. You can use the `v7_relativeSplatPath` future flag to opt-in early. For more information, see https://reactrouter.com/v6/upgrading/future#v7_relativesplatpath.

            </system-err>
        </testcase>
        <testcase classname="src/components/onboarding/OnboardingChecklist.test.tsx" name="OnboardingChecklist &gt; renders the checklist title" time="0.022451689">
        </testcase>
        <testcase classname="src/components/onboarding/OnboardingChecklist.test.tsx" name="OnboardingChecklist &gt; shows progress text" time="0.009329217">
        </testcase>
        <testcase classname="src/components/onboarding/OnboardingChecklist.test.tsx" name="OnboardingChecklist &gt; shows progress bar" time="0.051545097">
        </testcase>
        <testcase classname="src/components/onboarding/OnboardingChecklist.test.tsx" name="OnboardingChecklist &gt; marks items as complete based on completedSteps prop" time="0.011675338">
        </testcase>
        <testcase classname="src/components/onboarding/OnboardingChecklist.test.tsx" name="OnboardingChecklist &gt; can be dismissed" time="0.042260911">
        </testcase>
        <testcase classname="src/components/onboarding/OnboardingChecklist.test.tsx" name="OnboardingChecklist &gt; saves dismissed state to localStorage" time="0.037719605">
        </testcase>
        <testcase classname="src/components/onboarding/OnboardingChecklist.test.tsx" name="OnboardingChecklist &gt; does not render if already dismissed (from localStorage)" time="0.001594943">
        </testcase>
        <testcase classname="src/components/onboarding/OnboardingChecklist.test.tsx" name="OnboardingChecklist &gt; links to relevant actions" time="0.027436382">
        </testcase>
        <testcase classname="src/components/onboarding/OnboardingChecklist.test.tsx" name="OnboardingChecklist &gt; shows &quot;Coming soon&quot; badge for email platform connection" time="0.009663956">
        </testcase>
        <testcase classname="src/components/onboarding/OnboardingChecklist.test.tsx" name="OnboardingChecklist &gt; calls onStepClick callback when a step is clicked" time="0.017504339">
        </testcase>
        <testcase classname="src/components/onboarding/OnboardingChecklist.test.tsx" name="OnboardingChecklist &gt; renders checkmark icon for completed items" time="0.007508421">
        </testcase>
        <testcase classname="src/components/onboarding/OnboardingChecklist.test.tsx" name="OnboardingChecklist &gt; shows all steps complete message when finished" time="0.006511839">
        </testcase>
    </testsuite>
    <testsuite name="src/components/settings/ProfileSettings.test.tsx" timestamp="2026-05-30T06:41:43.630Z" hostname="vm" tests="4" failures="0" errors="0" skipped="0" time="0.174814831">
        <testcase classname="src/components/settings/ProfileSettings.test.tsx" name="ProfileSettings &gt; renders with initial profile data" time="0.093127668">
        </testcase>
        <testcase classname="src/components/settings/ProfileSettings.test.tsx" name="ProfileSettings &gt; syncs form data when profile prop changes after mount" time="0.042540106">
        </testcase>
        <testcase classname="src/components/settings/ProfileSettings.test.tsx" name="ProfileSettings &gt; displays member since date correctly" time="0.022235007">
        </testcase>
        <testcase classname="src/components/settings/ProfileSettings.test.tsx" name="ProfileSettings &gt; generates correct initials for avatar" time="0.015104459">
        </testcase>
    </testsuite>
    <testsuite name="src/components/usage/UsageLimits.test.tsx" timestamp="2026-05-30T06:41:43.635Z" hostname="vm" tests="8" failures="0" errors="0" skipped="0" time="0.110343124">
        <testcase classname="src/components/usage/UsageLimits.test.tsx" name="UsageLimits &gt; renders loading state initially" time="0.05804164">
            <system-err>
Warning: An update to UsageLimits inside a test was not wrapped in act(...).

When testing, code that causes React state updates should be wrapped into act(...):

act(() =&gt; {
  /* fire events that update state */
});
/* assert on the output */

This ensures that you&apos;re testing the behavior the user would see in the browser. Learn more at https://reactjs.org/link/wrap-tests-with-act
    at UsageLimits (/home/user/subject-ai/src/components/usage/UsageLimits.tsx:59:24)
Warning: An update to UsageLimits inside a test was not wrapped in act(...).

When testing, code that causes React state updates should be wrapped into act(...):

act(() =&gt; {
  /* fire events that update state */
});
/* assert on the output */

This ensures that you&apos;re testing the behavior the user would see in the browser. Learn more at https://reactjs.org/link/wrap-tests-with-act
    at UsageLimits (/home/user/subject-ai/src/components/usage/UsageLimits.tsx:59:24)

            </system-err>
        </testcase>
        <testcase classname="src/components/usage/UsageLimits.test.tsx" name="UsageLimits &gt; renders free plan when loaded" time="0.047514705">
        </testcase>
        <testcase classname="src/components/usage/UsageLimits.test.tsx" name="getEffectivePlan mapping &gt; returns &quot;free&quot; for non-subscribed users" time="0.000514344">
        </testcase>
        <testcase classname="src/components/usage/UsageLimits.test.tsx" name="getEffectivePlan mapping &gt; returns &quot;pro&quot; for subscribed users with no specific tier" time="0.00090204">
        </testcase>
        <testcase classname="src/components/usage/UsageLimits.test.tsx" name="getEffectivePlan mapping &gt; returns &quot;pro&quot; for Professional tier" time="0.000343217">
        </testcase>
        <testcase classname="src/components/usage/UsageLimits.test.tsx" name="getEffectivePlan mapping &gt; returns &quot;pro&quot; for premium tier (bug fix - previously returned invalid &quot;premium&quot;)" time="0.000272034">
        </testcase>
        <testcase classname="src/components/usage/UsageLimits.test.tsx" name="getEffectivePlan mapping &gt; returns &quot;enterprise&quot; for Enterprise tier" time="0.000269854">
        </testcase>
        <testcase classname="src/components/usage/UsageLimits.test.tsx" name="getEffectivePlan mapping &gt; all returned values are valid PLANS keys" time="0.000764807">
        </testcase>
    </testsuite>
    <testsuite name="tests/unit/frontend/PrivacyPolicy.test.tsx" timestamp="2026-05-30T06:41:43.650Z" hostname="vm" tests="8" failures="0" errors="0" skipped="0" time="0.392481253">
        <testcase classname="tests/unit/frontend/PrivacyPolicy.test.tsx" name="PrivacyPolicy page &gt; renders the privacy policy heading" time="0.12878568">
            <system-err>
⚠️ React Router Future Flag Warning: React Router will begin wrapping state updates in `React.startTransition` in v7. You can use the `v7_startTransition` future flag to opt-in early. For more information, see https://reactrouter.com/v6/upgrading/future#v7_starttransition.
⚠️ React Router Future Flag Warning: Relative route resolution within Splat routes is changing in v7. You can use the `v7_relativeSplatPath` future flag to opt-in early. For more information, see https://reactrouter.com/v6/upgrading/future#v7_relativesplatpath.

            </system-err>
        </testcase>
        <testcase classname="tests/unit/frontend/PrivacyPolicy.test.tsx" name="PrivacyPolicy page &gt; renders data collection section" time="0.044463056">
        </testcase>
        <testcase classname="tests/unit/frontend/PrivacyPolicy.test.tsx" name="PrivacyPolicy page &gt; renders data usage section" time="0.027311364">
        </testcase>
        <testcase classname="tests/unit/frontend/PrivacyPolicy.test.tsx" name="PrivacyPolicy page &gt; renders third party services section with OpenAI, Stripe, and Supabase" time="0.047449822">
        </testcase>
        <testcase classname="tests/unit/frontend/PrivacyPolicy.test.tsx" name="PrivacyPolicy page &gt; renders cookies section" time="0.025737351">
        </testcase>
        <testcase classname="tests/unit/frontend/PrivacyPolicy.test.tsx" name="PrivacyPolicy page &gt; renders GDPR rights section" time="0.029718139">
        </testcase>
        <testcase classname="tests/unit/frontend/PrivacyPolicy.test.tsx" name="PrivacyPolicy page &gt; renders contact information" time="0.058201157">
        </testcase>
        <testcase classname="tests/unit/frontend/PrivacyPolicy.test.tsx" name="PrivacyPolicy page &gt; renders Axovia AI company name" time="0.028421976">
        </testcase>
    </testsuite>
    <testsuite name="tests/unit/frontend/TermsOfService.test.tsx" timestamp="2026-05-30T06:41:43.656Z" hostname="vm" tests="9" failures="0" errors="0" skipped="0" time="0.396057107">
        <testcase classname="tests/unit/frontend/TermsOfService.test.tsx" name="TermsOfService page &gt; renders the terms of service heading" time="0.149767783">
            <system-err>
⚠️ React Router Future Flag Warning: React Router will begin wrapping state updates in `React.startTransition` in v7. You can use the `v7_startTransition` future flag to opt-in early. For more information, see https://reactrouter.com/v6/upgrading/future#v7_starttransition.
⚠️ React Router Future Flag Warning: Relative route resolution within Splat routes is changing in v7. You can use the `v7_relativeSplatPath` future flag to opt-in early. For more information, see https://reactrouter.com/v6/upgrading/future#v7_relativesplatpath.

            </system-err>
        </testcase>
        <testcase classname="tests/unit/frontend/TermsOfService.test.tsx" name="TermsOfService page &gt; renders service description section" time="0.03069495">
        </testcase>
        <testcase classname="tests/unit/frontend/TermsOfService.test.tsx" name="TermsOfService page &gt; renders user obligations section" time="0.018950832">
        </testcase>
        <testcase classname="tests/unit/frontend/TermsOfService.test.tsx" name="TermsOfService page &gt; renders payment terms section" time="0.037058307">
        </testcase>
        <testcase classname="tests/unit/frontend/TermsOfService.test.tsx" name="TermsOfService page &gt; renders limitation of liability section" time="0.028631042">
        </testcase>
        <testcase classname="tests/unit/frontend/TermsOfService.test.tsx" name="TermsOfService page &gt; renders termination section" time="0.028184927">
        </testcase>
        <testcase classname="tests/unit/frontend/TermsOfService.test.tsx" name="TermsOfService page &gt; renders governing law section" time="0.031861334">
        </testcase>
        <testcase classname="tests/unit/frontend/TermsOfService.test.tsx" name="TermsOfService page &gt; renders Axovia AI company name" time="0.029619698">
        </testcase>
        <testcase classname="tests/unit/frontend/TermsOfService.test.tsx" name="TermsOfService page &gt; renders contact information" time="0.02862442">
        </testcase>
    </testsuite>
    <testsuite name="tests/unit/frontend/routes.test.tsx" timestamp="2026-05-30T06:41:43.657Z" hostname="vm" tests="2" failures="0" errors="0" skipped="0" time="0.224213368">
        <testcase classname="tests/unit/frontend/routes.test.tsx" name="Legal page routes &gt; navigates to /privacy and renders PrivacyPolicy component" time="0.173751252">
            <system-err>
⚠️ React Router Future Flag Warning: React Router will begin wrapping state updates in `React.startTransition` in v7. You can use the `v7_startTransition` future flag to opt-in early. For more information, see https://reactrouter.com/v6/upgrading/future#v7_starttransition.
⚠️ React Router Future Flag Warning: Relative route resolution within Splat routes is changing in v7. You can use the `v7_relativeSplatPath` future flag to opt-in early. For more information, see https://reactrouter.com/v6/upgrading/future#v7_relativesplatpath.

            </system-err>
        </testcase>
        <testcase classname="tests/unit/frontend/routes.test.tsx" name="Legal page routes &gt; navigates to /terms and renders TermsOfService component" time="0.048757166">
        </testcase>
    </testsuite>
    <testsuite name="tests/unit/frontend/smoke.test.tsx" timestamp="2026-05-30T06:41:43.658Z" hostname="vm" tests="1" failures="0" errors="0" skipped="0" time="0.046977106">
        <testcase classname="tests/unit/frontend/smoke.test.tsx" name="UI smoke &gt; renders landing content" time="0.045001742">
            <system-err>
⚠️ React Router Future Flag Warning: React Router will begin wrapping state updates in `React.startTransition` in v7. You can use the `v7_startTransition` future flag to opt-in early. For more information, see https://reactrouter.com/v6/upgrading/future#v7_starttransition.
⚠️ React Router Future Flag Warning: Relative route resolution within Splat routes is changing in v7. You can use the `v7_relativeSplatPath` future flag to opt-in early. For more information, see https://reactrouter.com/v6/upgrading/future#v7_relativesplatpath.

            </system-err>
        </testcase>
    </testsuite>
</testsuites>
